<?xml version="1.0" encoding="UTF-8"?>
<robot generator="Robot 6.1.1 (Python 3.12.1 on win32)" generated="20240103 15:24:13.797" rpa="false" schemaversion="4">
<suite id="s1" name="TC 002 LoginRediffmail" source="C:\Users\kaush\OneDrive\Desktop\Robot\AutomationRobo\RoboProject\JenkinsProjectSeleniun\TestCases\DataDriven\TC_002_LoginRediffmail.robot">
<test id="s1-t1" name="TC_002 To login to rediffmail app using Data Driven" line="13">
<kw name="Get Max Row Number" library="DataDrivenKeywords">
<var>${MAXROW}</var>
<arg>Data</arg>
<msg timestamp="20240103 15:24:14.199" level="INFO">${MAXROW} = 4</msg>
<status status="PASS" starttime="20240103 15:24:14.198" endtime="20240103 15:24:14.199"/>
</kw>
<kw name="Log To Console" library="BuiltIn">
<arg>${MAXROW}</arg>
<doc>Logs the given message to the console.</doc>
<status status="PASS" starttime="20240103 15:24:14.199" endtime="20240103 15:24:14.199"/>
</kw>
<for flavor="IN RANGE">
<var>${i}</var>
<value>2</value>
<value>${MAXROW}+1</value>
<iter>
<var name="${i}">2</var>
<kw name="Open Browser and Maximize" library="RS_013_RediffmailLoginDataDriven">
<arg>https://mail.rediff.com/cgi-bin/login.cgi</arg>
<arg>chrome</arg>
<arg>--disable-notifications</arg>
<kw name="Open Browser" library="SeleniumLibrary">
<arg>${URL}</arg>
<arg>${BROWSER}</arg>
<arg>${OPTIONS}</arg>
<doc>Opens a new browser instance to the optional ``url``.</doc>
<msg timestamp="20240103 15:24:14.200" level="INFO">Opening browser 'chrome' to base url 'https://mail.rediff.com/cgi-bin/login.cgi'.</msg>
<status status="PASS" starttime="20240103 15:24:14.199" endtime="20240103 15:24:16.601"/>
</kw>
<kw name="Maximize Browser Window" library="SeleniumLibrary">
<doc>Maximizes current browser window.</doc>
<status status="PASS" starttime="20240103 15:24:16.601" endtime="20240103 15:24:16.726"/>
</kw>
<status status="PASS" starttime="20240103 15:24:14.199" endtime="20240103 15:24:16.726"/>
</kw>
<kw name="Type in Username" library="RS_013_RediffmailLoginDataDriven">
<arg>Data</arg>
<arg>${i}</arg>
<arg>1</arg>
<kw name="Read Locator" library="RS_013_RediffmailLoginDataDriven">
<var>${USERNAME}</var>
<arg>Registration.username_id</arg>
<kw name="Read Locator From Json" library="DataDrivenKeywords">
<var>${VALUE}</var>
<arg>${JSONPATH}</arg>
<msg timestamp="20240103 15:24:16.728" level="INFO">${VALUE} = login1</msg>
<status status="PASS" starttime="20240103 15:24:16.727" endtime="20240103 15:24:16.728"/>
</kw>
<msg timestamp="20240103 15:24:16.729" level="INFO">${USERNAME} = login1</msg>
<status status="PASS" starttime="20240103 15:24:16.727" endtime="20240103 15:24:16.729"/>
</kw>
<kw name="Read Data From Cell" library="RS_013_RediffmailLoginDataDriven">
<var>${USERNAMEVALUE}</var>
<arg>${SHEETNAME}</arg>
<arg>${ROWNUMBER}</arg>
<arg>${COLUMNNUMBER}</arg>
<kw name="Get Data From Cell" library="DataDrivenKeywords">
<var>${dataValue}</var>
<arg>${sheetName}</arg>
<arg>${row}</arg>
<arg>${column}</arg>
<msg timestamp="20240103 15:24:16.731" level="INFO">${dataValue} = selenium.testmay2017</msg>
<status status="PASS" starttime="20240103 15:24:16.730" endtime="20240103 15:24:16.731"/>
</kw>
<msg timestamp="20240103 15:24:16.731" level="INFO">${USERNAMEVALUE} = selenium.testmay2017</msg>
<status status="PASS" starttime="20240103 15:24:16.730" endtime="20240103 15:24:16.731"/>
</kw>
<kw name="Input Text" library="SeleniumLibrary">
<arg>id:${USERNAME}</arg>
<arg>${USERNAMEVALUE}</arg>
<doc>Types the given ``text`` into the text field identified by ``locator``.</doc>
<msg timestamp="20240103 15:24:16.731" level="INFO">Typing text 'selenium.testmay2017' into text field 'id:login1'.</msg>
<status status="PASS" starttime="20240103 15:24:16.731" endtime="20240103 15:24:16.848"/>
</kw>
<status status="PASS" starttime="20240103 15:24:16.727" endtime="20240103 15:24:16.848"/>
</kw>
<kw name="Sleep" library="BuiltIn">
<arg>3 seconds</arg>
<doc>Pauses the test executed for the given time.</doc>
<msg timestamp="20240103 15:24:19.850" level="INFO">Slept 3 seconds</msg>
<status status="PASS" starttime="20240103 15:24:16.848" endtime="20240103 15:24:19.850"/>
</kw>
<kw name="Type in Password" library="RS_013_RediffmailLoginDataDriven">
<arg>Data</arg>
<arg>${i}</arg>
<arg>2</arg>
<kw name="Read Locator" library="RS_013_RediffmailLoginDataDriven">
<var>${PASSWORD}</var>
<arg>Registration.password_id</arg>
<kw name="Read Locator From Json" library="DataDrivenKeywords">
<var>${VALUE}</var>
<arg>${JSONPATH}</arg>
<msg timestamp="20240103 15:24:19.851" level="INFO">${VALUE} = password</msg>
<status status="PASS" starttime="20240103 15:24:19.851" endtime="20240103 15:24:19.851"/>
</kw>
<msg timestamp="20240103 15:24:19.852" level="INFO">${PASSWORD} = password</msg>
<status status="PASS" starttime="20240103 15:24:19.850" endtime="20240103 15:24:19.852"/>
</kw>
<kw name="Read Data From Cell" library="RS_013_RediffmailLoginDataDriven">
<var>${PASSWORDVALUE}</var>
<arg>${SHEETNAME}</arg>
<arg>${ROWNUMBER}</arg>
<arg>${COLUMNNUMBER}</arg>
<kw name="Get Data From Cell" library="DataDrivenKeywords">
<var>${dataValue}</var>
<arg>${sheetName}</arg>
<arg>${row}</arg>
<arg>${column}</arg>
<msg timestamp="20240103 15:24:19.854" level="INFO">${dataValue} = test@1234</msg>
<status status="PASS" starttime="20240103 15:24:19.853" endtime="20240103 15:24:19.854"/>
</kw>
<msg timestamp="20240103 15:24:19.854" level="INFO">${PASSWORDVALUE} = test@1234</msg>
<status status="PASS" starttime="20240103 15:24:19.853" endtime="20240103 15:24:19.854"/>
</kw>
<kw name="Input Password" library="SeleniumLibrary">
<arg>id:${PASSWORD}</arg>
<arg>${PASSWORDVALUE}</arg>
<doc>Types the given password into the text field identified by ``locator``.</doc>
<msg timestamp="20240103 15:24:19.855" level="INFO">Typing password into text field 'id:password'.</msg>
<msg timestamp="20240103 15:24:19.890" level="INFO">Temporally setting log level to: NONE</msg>
<msg timestamp="20240103 15:24:19.928" level="INFO">Log level changed from NONE to INFO.</msg>
<status status="PASS" starttime="20240103 15:24:19.854" endtime="20240103 15:24:19.928"/>
</kw>
<status status="PASS" starttime="20240103 15:24:19.850" endtime="20240103 15:24:19.928"/>
</kw>
<kw name="Sleep" library="BuiltIn">
<arg>3 seconds</arg>
<doc>Pauses the test executed for the given time.</doc>
<msg timestamp="20240103 15:24:22.928" level="INFO">Slept 3 seconds</msg>
<status status="PASS" starttime="20240103 15:24:19.928" endtime="20240103 15:24:22.928"/>
</kw>
<kw name="Click on Sign in Button" library="RS_013_RediffmailLoginDataDriven">
<kw name="Read Locator" library="RS_013_RediffmailLoginDataDriven">
<var>${SIGNIN}</var>
<arg>Registration.signin_name</arg>
<kw name="Read Locator From Json" library="DataDrivenKeywords">
<var>${VALUE}</var>
<arg>${JSONPATH}</arg>
<msg timestamp="20240103 15:24:22.930" level="INFO">${VALUE} = proceed</msg>
<status status="PASS" starttime="20240103 15:24:22.928" endtime="20240103 15:24:22.930"/>
</kw>
<msg timestamp="20240103 15:24:22.930" level="INFO">${SIGNIN} = proceed</msg>
<status status="PASS" starttime="20240103 15:24:22.928" endtime="20240103 15:24:22.930"/>
</kw>
<kw name="Click Button" library="SeleniumLibrary">
<arg>name:${SIGNIN}</arg>
<doc>Clicks the button identified by ``locator``.</doc>
<msg timestamp="20240103 15:24:22.930" level="INFO">Clicking button 'name:proceed'.</msg>
<status status="PASS" starttime="20240103 15:24:22.930" endtime="20240103 15:24:23.368"/>
</kw>
<status status="PASS" starttime="20240103 15:24:22.928" endtime="20240103 15:24:23.368"/>
</kw>
<kw name="Sleep" library="BuiltIn">
<arg>10 seconds</arg>
<doc>Pauses the test executed for the given time.</doc>
<msg timestamp="20240103 15:24:33.368" level="INFO">Slept 10 seconds</msg>
<status status="PASS" starttime="20240103 15:24:23.368" endtime="20240103 15:24:33.368"/>
</kw>
<kw name="Click on Logout" library="RS_013_RediffmailLoginDataDriven">
<kw name="Read Locator" library="RS_013_RediffmailLoginDataDriven">
<var>${Logout}</var>
<arg>Inbox.logout_xpath</arg>
<kw name="Read Locator From Json" library="DataDrivenKeywords">
<var>${VALUE}</var>
<arg>${JSONPATH}</arg>
<msg timestamp="20240103 15:24:33.368" level="INFO">${VALUE} = /html/body/div[4]/div[1]/div/div[2]/a[2]</msg>
<status status="PASS" starttime="20240103 15:24:33.368" endtime="20240103 15:24:33.368"/>
</kw>
<msg timestamp="20240103 15:24:33.368" level="INFO">${Logout} = /html/body/div[4]/div[1]/div/div[2]/a[2]</msg>
<status status="PASS" starttime="20240103 15:24:33.368" endtime="20240103 15:24:33.368"/>
</kw>
<kw name="Click Link" library="SeleniumLibrary">
<arg>xpath:${Logout}</arg>
<doc>Clicks a link identified by ``locator``.</doc>
<msg timestamp="20240103 15:24:33.368" level="INFO">Clicking link 'xpath:/html/body/div[4]/div[1]/div/div[2]/a[2]'.</msg>
<status status="PASS" starttime="20240103 15:24:33.368" endtime="20240103 15:24:37.505"/>
</kw>
<status status="PASS" starttime="20240103 15:24:33.368" endtime="20240103 15:24:37.505"/>
</kw>
<kw name="Sleep" library="BuiltIn">
<arg>3 seconds</arg>
<doc>Pauses the test executed for the given time.</doc>
<msg timestamp="20240103 15:24:40.506" level="INFO">Slept 3 seconds</msg>
<status status="PASS" starttime="20240103 15:24:37.505" endtime="20240103 15:24:40.506"/>
</kw>
<kw name="Close the Browser" library="RS_013_RediffmailLoginDataDriven">
<kw name="Close Browser" library="SeleniumLibrary">
<doc>Closes the current browser.</doc>
<status status="PASS" starttime="20240103 15:24:40.506" endtime="20240103 15:24:42.645"/>
</kw>
<status status="PASS" starttime="20240103 15:24:40.506" endtime="20240103 15:24:42.645"/>
</kw>
<status status="PASS" starttime="20240103 15:24:14.199" endtime="20240103 15:24:42.645"/>
</iter>
<iter>
<var name="${i}">3</var>
<kw name="Open Browser and Maximize" library="RS_013_RediffmailLoginDataDriven">
<arg>https://mail.rediff.com/cgi-bin/login.cgi</arg>
<arg>chrome</arg>
<arg>--disable-notifications</arg>
<kw name="Open Browser" library="SeleniumLibrary">
<arg>${URL}</arg>
<arg>${BROWSER}</arg>
<arg>${OPTIONS}</arg>
<doc>Opens a new browser instance to the optional ``url``.</doc>
<msg timestamp="20240103 15:24:42.645" level="INFO">Opening browser 'chrome' to base url 'https://mail.rediff.com/cgi-bin/login.cgi'.</msg>
<status status="PASS" starttime="20240103 15:24:42.645" endtime="20240103 15:24:44.978"/>
</kw>
<kw name="Maximize Browser Window" library="SeleniumLibrary">
<doc>Maximizes current browser window.</doc>
<status status="PASS" starttime="20240103 15:24:44.978" endtime="20240103 15:24:45.109"/>
</kw>
<status status="PASS" starttime="20240103 15:24:42.645" endtime="20240103 15:24:45.109"/>
</kw>
<kw name="Type in Username" library="RS_013_RediffmailLoginDataDriven">
<arg>Data</arg>
<arg>${i}</arg>
<arg>1</arg>
<kw name="Read Locator" library="RS_013_RediffmailLoginDataDriven">
<var>${USERNAME}</var>
<arg>Registration.username_id</arg>
<kw name="Read Locator From Json" library="DataDrivenKeywords">
<var>${VALUE}</var>
<arg>${JSONPATH}</arg>
<msg timestamp="20240103 15:24:45.109" level="INFO">${VALUE} = login1</msg>
<status status="PASS" starttime="20240103 15:24:45.109" endtime="20240103 15:24:45.109"/>
</kw>
<msg timestamp="20240103 15:24:45.109" level="INFO">${USERNAME} = login1</msg>
<status status="PASS" starttime="20240103 15:24:45.109" endtime="20240103 15:24:45.109"/>
</kw>
<kw name="Read Data From Cell" library="RS_013_RediffmailLoginDataDriven">
<var>${USERNAMEVALUE}</var>
<arg>${SHEETNAME}</arg>
<arg>${ROWNUMBER}</arg>
<arg>${COLUMNNUMBER}</arg>
<kw name="Get Data From Cell" library="DataDrivenKeywords">
<var>${dataValue}</var>
<arg>${sheetName}</arg>
<arg>${row}</arg>
<arg>${column}</arg>
<msg timestamp="20240103 15:24:45.109" level="INFO">${dataValue} = selenium.testmay2017</msg>
<status status="PASS" starttime="20240103 15:24:45.109" endtime="20240103 15:24:45.109"/>
</kw>
<msg timestamp="20240103 15:24:45.109" level="INFO">${USERNAMEVALUE} = selenium.testmay2017</msg>
<status status="PASS" starttime="20240103 15:24:45.109" endtime="20240103 15:24:45.109"/>
</kw>
<kw name="Input Text" library="SeleniumLibrary">
<arg>id:${USERNAME}</arg>
<arg>${USERNAMEVALUE}</arg>
<doc>Types the given ``text`` into the text field identified by ``locator``.</doc>
<msg timestamp="20240103 15:24:45.109" level="INFO">Typing text 'selenium.testmay2017' into text field 'id:login1'.</msg>
<status status="PASS" starttime="20240103 15:24:45.109" endtime="20240103 15:24:45.230"/>
</kw>
<status status="PASS" starttime="20240103 15:24:45.109" endtime="20240103 15:24:45.230"/>
</kw>
<kw name="Sleep" library="BuiltIn">
<arg>3 seconds</arg>
<doc>Pauses the test executed for the given time.</doc>
<msg timestamp="20240103 15:24:48.231" level="INFO">Slept 3 seconds</msg>
<status status="PASS" starttime="20240103 15:24:45.230" endtime="20240103 15:24:48.231"/>
</kw>
<kw name="Type in Password" library="RS_013_RediffmailLoginDataDriven">
<arg>Data</arg>
<arg>${i}</arg>
<arg>2</arg>
<kw name="Read Locator" library="RS_013_RediffmailLoginDataDriven">
<var>${PASSWORD}</var>
<arg>Registration.password_id</arg>
<kw name="Read Locator From Json" library="DataDrivenKeywords">
<var>${VALUE}</var>
<arg>${JSONPATH}</arg>
<msg timestamp="20240103 15:24:48.231" level="INFO">${VALUE} = password</msg>
<status status="PASS" starttime="20240103 15:24:48.231" endtime="20240103 15:24:48.231"/>
</kw>
<msg timestamp="20240103 15:24:48.231" level="INFO">${PASSWORD} = password</msg>
<status status="PASS" starttime="20240103 15:24:48.231" endtime="20240103 15:24:48.231"/>
</kw>
<kw name="Read Data From Cell" library="RS_013_RediffmailLoginDataDriven">
<var>${PASSWORDVALUE}</var>
<arg>${SHEETNAME}</arg>
<arg>${ROWNUMBER}</arg>
<arg>${COLUMNNUMBER}</arg>
<kw name="Get Data From Cell" library="DataDrivenKeywords">
<var>${dataValue}</var>
<arg>${sheetName}</arg>
<arg>${row}</arg>
<arg>${column}</arg>
<msg timestamp="20240103 15:24:48.231" level="INFO">${dataValue} = test@1234</msg>
<status status="PASS" starttime="20240103 15:24:48.231" endtime="20240103 15:24:48.231"/>
</kw>
<msg timestamp="20240103 15:24:48.231" level="INFO">${PASSWORDVALUE} = test@1234</msg>
<status status="PASS" starttime="20240103 15:24:48.231" endtime="20240103 15:24:48.231"/>
</kw>
<kw name="Input Password" library="SeleniumLibrary">
<arg>id:${PASSWORD}</arg>
<arg>${PASSWORDVALUE}</arg>
<doc>Types the given password into the text field identified by ``locator``.</doc>
<msg timestamp="20240103 15:24:48.231" level="INFO">Typing password into text field 'id:password'.</msg>
<msg timestamp="20240103 15:24:48.261" level="INFO">Temporally setting log level to: NONE</msg>
<msg timestamp="20240103 15:24:48.312" level="INFO">Log level changed from NONE to INFO.</msg>
<status status="PASS" starttime="20240103 15:24:48.231" endtime="20240103 15:24:48.312"/>
</kw>
<status status="PASS" starttime="20240103 15:24:48.231" endtime="20240103 15:24:48.312"/>
</kw>
<kw name="Sleep" library="BuiltIn">
<arg>3 seconds</arg>
<doc>Pauses the test executed for the given time.</doc>
<msg timestamp="20240103 15:24:51.313" level="INFO">Slept 3 seconds</msg>
<status status="PASS" starttime="20240103 15:24:48.312" endtime="20240103 15:24:51.313"/>
</kw>
<kw name="Click on Sign in Button" library="RS_013_RediffmailLoginDataDriven">
<kw name="Read Locator" library="RS_013_RediffmailLoginDataDriven">
<var>${SIGNIN}</var>
<arg>Registration.signin_name</arg>
<kw name="Read Locator From Json" library="DataDrivenKeywords">
<var>${VALUE}</var>
<arg>${JSONPATH}</arg>
<msg timestamp="20240103 15:24:51.313" level="INFO">${VALUE} = proceed</msg>
<status status="PASS" starttime="20240103 15:24:51.313" endtime="20240103 15:24:51.313"/>
</kw>
<msg timestamp="20240103 15:24:51.313" level="INFO">${SIGNIN} = proceed</msg>
<status status="PASS" starttime="20240103 15:24:51.313" endtime="20240103 15:24:51.313"/>
</kw>
<kw name="Click Button" library="SeleniumLibrary">
<arg>name:${SIGNIN}</arg>
<doc>Clicks the button identified by ``locator``.</doc>
<msg timestamp="20240103 15:24:51.313" level="INFO">Clicking button 'name:proceed'.</msg>
<status status="PASS" starttime="20240103 15:24:51.313" endtime="20240103 15:24:51.762"/>
</kw>
<status status="PASS" starttime="20240103 15:24:51.313" endtime="20240103 15:24:51.762"/>
</kw>
<kw name="Sleep" library="BuiltIn">
<arg>10 seconds</arg>
<doc>Pauses the test executed for the given time.</doc>
<msg timestamp="20240103 15:25:01.762" level="INFO">Slept 10 seconds</msg>
<status status="PASS" starttime="20240103 15:24:51.762" endtime="20240103 15:25:01.762"/>
</kw>
<kw name="Click on Logout" library="RS_013_RediffmailLoginDataDriven">
<kw name="Read Locator" library="RS_013_RediffmailLoginDataDriven">
<var>${Logout}</var>
<arg>Inbox.logout_xpath</arg>
<kw name="Read Locator From Json" library="DataDrivenKeywords">
<var>${VALUE}</var>
<arg>${JSONPATH}</arg>
<msg timestamp="20240103 15:25:01.763" level="INFO">${VALUE} = /html/body/div[4]/div[1]/div/div[2]/a[2]</msg>
<status status="PASS" starttime="20240103 15:25:01.763" endtime="20240103 15:25:01.763"/>
</kw>
<msg timestamp="20240103 15:25:01.763" level="INFO">${Logout} = /html/body/div[4]/div[1]/div/div[2]/a[2]</msg>
<status status="PASS" starttime="20240103 15:25:01.763" endtime="20240103 15:25:01.763"/>
</kw>
<kw name="Click Link" library="SeleniumLibrary">
<arg>xpath:${Logout}</arg>
<doc>Clicks a link identified by ``locator``.</doc>
<msg timestamp="20240103 15:25:01.765" level="INFO">Clicking link 'xpath:/html/body/div[4]/div[1]/div/div[2]/a[2]'.</msg>
<status status="PASS" starttime="20240103 15:25:01.764" endtime="20240103 15:25:04.253"/>
</kw>
<status status="PASS" starttime="20240103 15:25:01.763" endtime="20240103 15:25:04.253"/>
</kw>
<kw name="Sleep" library="BuiltIn">
<arg>3 seconds</arg>
<doc>Pauses the test executed for the given time.</doc>
<msg timestamp="20240103 15:25:07.253" level="INFO">Slept 3 seconds</msg>
<status status="PASS" starttime="20240103 15:25:04.253" endtime="20240103 15:25:07.253"/>
</kw>
<kw name="Close the Browser" library="RS_013_RediffmailLoginDataDriven">
<kw name="Close Browser" library="SeleniumLibrary">
<doc>Closes the current browser.</doc>
<status status="PASS" starttime="20240103 15:25:07.253" endtime="20240103 15:25:09.408"/>
</kw>
<status status="PASS" starttime="20240103 15:25:07.253" endtime="20240103 15:25:09.410"/>
</kw>
<status status="PASS" starttime="20240103 15:24:42.645" endtime="20240103 15:25:09.410"/>
</iter>
<iter>
<var name="${i}">4</var>
<kw name="Open Browser and Maximize" library="RS_013_RediffmailLoginDataDriven">
<arg>https://mail.rediff.com/cgi-bin/login.cgi</arg>
<arg>chrome</arg>
<arg>--disable-notifications</arg>
<kw name="Open Browser" library="SeleniumLibrary">
<arg>${URL}</arg>
<arg>${BROWSER}</arg>
<arg>${OPTIONS}</arg>
<doc>Opens a new browser instance to the optional ``url``.</doc>
<msg timestamp="20240103 15:25:09.410" level="INFO">Opening browser 'chrome' to base url 'https://mail.rediff.com/cgi-bin/login.cgi'.</msg>
<status status="PASS" starttime="20240103 15:25:09.410" endtime="20240103 15:25:11.727"/>
</kw>
<kw name="Maximize Browser Window" library="SeleniumLibrary">
<doc>Maximizes current browser window.</doc>
<status status="PASS" starttime="20240103 15:25:11.727" endtime="20240103 15:25:11.849"/>
</kw>
<status status="PASS" starttime="20240103 15:25:09.410" endtime="20240103 15:25:11.849"/>
</kw>
<kw name="Type in Username" library="RS_013_RediffmailLoginDataDriven">
<arg>Data</arg>
<arg>${i}</arg>
<arg>1</arg>
<kw name="Read Locator" library="RS_013_RediffmailLoginDataDriven">
<var>${USERNAME}</var>
<arg>Registration.username_id</arg>
<kw name="Read Locator From Json" library="DataDrivenKeywords">
<var>${VALUE}</var>
<arg>${JSONPATH}</arg>
<msg timestamp="20240103 15:25:11.851" level="INFO">${VALUE} = login1</msg>
<status status="PASS" starttime="20240103 15:25:11.850" endtime="20240103 15:25:11.851"/>
</kw>
<msg timestamp="20240103 15:25:11.851" level="INFO">${USERNAME} = login1</msg>
<status status="PASS" starttime="20240103 15:25:11.850" endtime="20240103 15:25:11.851"/>
</kw>
<kw name="Read Data From Cell" library="RS_013_RediffmailLoginDataDriven">
<var>${USERNAMEVALUE}</var>
<arg>${SHEETNAME}</arg>
<arg>${ROWNUMBER}</arg>
<arg>${COLUMNNUMBER}</arg>
<kw name="Get Data From Cell" library="DataDrivenKeywords">
<var>${dataValue}</var>
<arg>${sheetName}</arg>
<arg>${row}</arg>
<arg>${column}</arg>
<msg timestamp="20240103 15:25:11.853" level="INFO">${dataValue} = selenium.testmay2018</msg>
<status status="PASS" starttime="20240103 15:25:11.852" endtime="20240103 15:25:11.853"/>
</kw>
<msg timestamp="20240103 15:25:11.853" level="INFO">${USERNAMEVALUE} = selenium.testmay2018</msg>
<status status="PASS" starttime="20240103 15:25:11.852" endtime="20240103 15:25:11.853"/>
</kw>
<kw name="Input Text" library="SeleniumLibrary">
<arg>id:${USERNAME}</arg>
<arg>${USERNAMEVALUE}</arg>
<doc>Types the given ``text`` into the text field identified by ``locator``.</doc>
<msg timestamp="20240103 15:25:11.854" level="INFO">Typing text 'selenium.testmay2018' into text field 'id:login1'.</msg>
<status status="PASS" starttime="20240103 15:25:11.853" endtime="20240103 15:25:11.950"/>
</kw>
<status status="PASS" starttime="20240103 15:25:11.849" endtime="20240103 15:25:11.951"/>
</kw>
<kw name="Sleep" library="BuiltIn">
<arg>3 seconds</arg>
<doc>Pauses the test executed for the given time.</doc>
<msg timestamp="20240103 15:25:14.952" level="INFO">Slept 3 seconds</msg>
<status status="PASS" starttime="20240103 15:25:11.951" endtime="20240103 15:25:14.952"/>
</kw>
<kw name="Type in Password" library="RS_013_RediffmailLoginDataDriven">
<arg>Data</arg>
<arg>${i}</arg>
<arg>2</arg>
<kw name="Read Locator" library="RS_013_RediffmailLoginDataDriven">
<var>${PASSWORD}</var>
<arg>Registration.password_id</arg>
<kw name="Read Locator From Json" library="DataDrivenKeywords">
<var>${VALUE}</var>
<arg>${JSONPATH}</arg>
<msg timestamp="20240103 15:25:14.954" level="INFO">${VALUE} = password</msg>
<status status="PASS" starttime="20240103 15:25:14.953" endtime="20240103 15:25:14.954"/>
</kw>
<msg timestamp="20240103 15:25:14.954" level="INFO">${PASSWORD} = password</msg>
<status status="PASS" starttime="20240103 15:25:14.953" endtime="20240103 15:25:14.954"/>
</kw>
<kw name="Read Data From Cell" library="RS_013_RediffmailLoginDataDriven">
<var>${PASSWORDVALUE}</var>
<arg>${SHEETNAME}</arg>
<arg>${ROWNUMBER}</arg>
<arg>${COLUMNNUMBER}</arg>
<kw name="Get Data From Cell" library="DataDrivenKeywords">
<var>${dataValue}</var>
<arg>${sheetName}</arg>
<arg>${row}</arg>
<arg>${column}</arg>
<msg timestamp="20240103 15:25:14.955" level="INFO">${dataValue} = test@1234</msg>
<status status="PASS" starttime="20240103 15:25:14.955" endtime="20240103 15:25:14.955"/>
</kw>
<msg timestamp="20240103 15:25:14.955" level="INFO">${PASSWORDVALUE} = test@1234</msg>
<status status="PASS" starttime="20240103 15:25:14.954" endtime="20240103 15:25:14.956"/>
</kw>
<kw name="Input Password" library="SeleniumLibrary">
<arg>id:${PASSWORD}</arg>
<arg>${PASSWORDVALUE}</arg>
<doc>Types the given password into the text field identified by ``locator``.</doc>
<msg timestamp="20240103 15:25:14.957" level="INFO">Typing password into text field 'id:password'.</msg>
<msg timestamp="20240103 15:25:14.993" level="INFO">Temporally setting log level to: NONE</msg>
<msg timestamp="20240103 15:25:15.030" level="INFO">Log level changed from NONE to INFO.</msg>
<status status="PASS" starttime="20240103 15:25:14.956" endtime="20240103 15:25:15.030"/>
</kw>
<status status="PASS" starttime="20240103 15:25:14.952" endtime="20240103 15:25:15.030"/>
</kw>
<kw name="Sleep" library="BuiltIn">
<arg>3 seconds</arg>
<doc>Pauses the test executed for the given time.</doc>
<msg timestamp="20240103 15:25:18.031" level="INFO">Slept 3 seconds</msg>
<status status="PASS" starttime="20240103 15:25:15.030" endtime="20240103 15:25:18.031"/>
</kw>
<kw name="Click on Sign in Button" library="RS_013_RediffmailLoginDataDriven">
<kw name="Read Locator" library="RS_013_RediffmailLoginDataDriven">
<var>${SIGNIN}</var>
<arg>Registration.signin_name</arg>
<kw name="Read Locator From Json" library="DataDrivenKeywords">
<var>${VALUE}</var>
<arg>${JSONPATH}</arg>
<msg timestamp="20240103 15:25:18.034" level="INFO">${VALUE} = proceed</msg>
<status status="PASS" starttime="20240103 15:25:18.032" endtime="20240103 15:25:18.034"/>
</kw>
<msg timestamp="20240103 15:25:18.035" level="INFO">${SIGNIN} = proceed</msg>
<status status="PASS" starttime="20240103 15:25:18.032" endtime="20240103 15:25:18.035"/>
</kw>
<kw name="Click Button" library="SeleniumLibrary">
<arg>name:${SIGNIN}</arg>
<doc>Clicks the button identified by ``locator``.</doc>
<msg timestamp="20240103 15:25:18.036" level="INFO">Clicking button 'name:proceed'.</msg>
<status status="PASS" starttime="20240103 15:25:18.035" endtime="20240103 15:25:18.485"/>
</kw>
<status status="PASS" starttime="20240103 15:25:18.031" endtime="20240103 15:25:18.485"/>
</kw>
<kw name="Sleep" library="BuiltIn">
<arg>10 seconds</arg>
<doc>Pauses the test executed for the given time.</doc>
<msg timestamp="20240103 15:25:28.486" level="INFO">Slept 10 seconds</msg>
<status status="PASS" starttime="20240103 15:25:18.485" endtime="20240103 15:25:28.486"/>
</kw>
<kw name="Click on Logout" library="RS_013_RediffmailLoginDataDriven">
<kw name="Read Locator" library="RS_013_RediffmailLoginDataDriven">
<var>${Logout}</var>
<arg>Inbox.logout_xpath</arg>
<kw name="Read Locator From Json" library="DataDrivenKeywords">
<var>${VALUE}</var>
<arg>${JSONPATH}</arg>
<msg timestamp="20240103 15:25:28.486" level="INFO">${VALUE} = /html/body/div[4]/div[1]/div/div[2]/a[2]</msg>
<status status="PASS" starttime="20240103 15:25:28.486" endtime="20240103 15:25:28.486"/>
</kw>
<msg timestamp="20240103 15:25:28.486" level="INFO">${Logout} = /html/body/div[4]/div[1]/div/div[2]/a[2]</msg>
<status status="PASS" starttime="20240103 15:25:28.486" endtime="20240103 15:25:28.486"/>
</kw>
<kw name="Click Link" library="SeleniumLibrary">
<arg>xpath:${Logout}</arg>
<doc>Clicks a link identified by ``locator``.</doc>
<msg timestamp="20240103 15:25:28.486" level="INFO">Clicking link 'xpath:/html/body/div[4]/div[1]/div/div[2]/a[2]'.</msg>
<msg timestamp="20240103 15:25:28.625" level="INFO" html="true">&lt;/td&gt;&lt;/tr&gt;&lt;tr&gt;&lt;td colspan="3"&gt;&lt;a href="selenium-screenshot-1.png"&gt;&lt;img src="selenium-screenshot-1.png" width="800px"&gt;&lt;/a&gt;</msg>
<msg timestamp="20240103 15:25:28.625" level="FAIL">Link with locator 'xpath:/html/body/div[4]/div[1]/div/div[2]/a[2]' not found.</msg>
<status status="FAIL" starttime="20240103 15:25:28.486" endtime="20240103 15:25:28.625"/>
</kw>
<status status="FAIL" starttime="20240103 15:25:28.486" endtime="20240103 15:25:28.625"/>
</kw>
<kw name="Sleep" library="BuiltIn">
<arg>3 seconds</arg>
<doc>Pauses the test executed for the given time.</doc>
<status status="NOT RUN" starttime="20240103 15:25:28.625" endtime="20240103 15:25:28.625"/>
</kw>
<kw name="Close the Browser" library="RS_013_RediffmailLoginDataDriven">
<status status="NOT RUN" starttime="20240103 15:25:28.625" endtime="20240103 15:25:28.625"/>
</kw>
<status status="FAIL" starttime="20240103 15:25:09.410" endtime="20240103 15:25:28.625"/>
</iter>
<status status="FAIL" starttime="20240103 15:24:14.199" endtime="20240103 15:25:28.625"/>
</for>
<kw name="Run Keyword If Test Failed" library="BuiltIn" type="TEARDOWN">
<arg>capture page screenshot</arg>
<arg>Failed_Screen_Data_Driven_{index}.png</arg>
<doc>Runs the given keyword with the given arguments, if the test failed.</doc>
<kw name="Capture Page Screenshot" library="SeleniumLibrary">
<arg>Failed_Screen_Data_Driven_{index}.png</arg>
<doc>Takes a screenshot of the current page and embeds it into a log file.</doc>
<msg timestamp="20240103 15:25:28.756" level="INFO" html="true">&lt;/td&gt;&lt;/tr&gt;&lt;tr&gt;&lt;td colspan="3"&gt;&lt;a href="Failed_Screen_Data_Driven_1.png"&gt;&lt;img src="Failed_Screen_Data_Driven_1.png" width="800px"&gt;&lt;/a&gt;</msg>
<status status="PASS" starttime="20240103 15:25:28.625" endtime="20240103 15:25:28.756"/>
</kw>
<status status="PASS" starttime="20240103 15:25:28.625" endtime="20240103 15:25:28.756"/>
</kw>
<doc>Working with Data Driven Approach</doc>
<status status="FAIL" starttime="20240103 15:24:14.198" endtime="20240103 15:25:28.756">Link with locator 'xpath:/html/body/div[4]/div[1]/div/div[2]/a[2]' not found.</status>
</test>
<doc>To work with data driven testing</doc>
<status status="FAIL" starttime="20240103 15:24:13.798" endtime="20240103 15:25:28.756"/>
</suite>
<statistics>
<total>
<stat pass="0" fail="1" skip="0">All Tests</stat>
</total>
<tag>
</tag>
<suite>
<stat pass="0" fail="1" skip="0" id="s1" name="TC 002 LoginRediffmail">TC 002 LoginRediffmail</stat>
</suite>
</statistics>
<errors>
</errors>
</robot>
